Using pre-set license
Built from '2020.3/staging' branch; Version is '2020.3.25f1 (9b9180224418) revision 10195328'; Using compiler version '192528614'; Build Type 'Release'
OS: 'Windows 10  (10.0.18363) 64bit Professional' Language: 'zh' Physical Memory: 16319 MB
BatchMode: 1, IsHumanControllingUs: 0, StartBugReporterOnCrash: 0, Is64bit: 1, IsPro: 0

COMMAND LINE ARGUMENTS:
C:\Program Files\Unity\Hub\Editor\2020.3.25f1\Editor\Unity.exe
-adb2
-batchMode
-noUpm
-name
AssetImportWorker0
-projectPath
C:/Users/Appedu/Desktop/3D_OriginalGod/3D_OriginalGod_20220319
-logFile
Logs/AssetImportWorker0.log
-srvPort
61923
Successfully changed project path to: C:/Users/Appedu/Desktop/3D_OriginalGod/3D_OriginalGod_20220319
C:/Users/Appedu/Desktop/3D_OriginalGod/3D_OriginalGod_20220319
Using Asset Import Pipeline V2.
Refreshing native plugins compatible for Editor in 47.63 ms, found 2 plugins.
Preloading 0 native plugins for Editor in 0.00 ms.
Initialize engine version: 2020.3.25f1 (9b9180224418)
[Subsystems] Discovering subsystems at path C:/Program Files/Unity/Hub/Editor/2020.3.25f1/Editor/Data/Resources/UnitySubsystems
[Subsystems] Discovering subsystems at path C:/Users/Appedu/Desktop/3D_OriginalGod/3D_OriginalGod_20220319/Assets
GfxDevice: creating device client; threaded=0
Direct3D:
    Version:  Direct3D 11.0 [level 11.1]
    Renderer: NVIDIA Quadro P620 (ID=0x1cb6)
    Vendor:   
    VRAM:     1977 MB
    Driver:   30.0.14.7247
Initialize mono
Mono path[0] = 'C:/Program Files/Unity/Hub/Editor/2020.3.25f1/Editor/Data/Managed'
Mono path[1] = 'C:/Program Files/Unity/Hub/Editor/2020.3.25f1/Editor/Data/MonoBleedingEdge/lib/mono/unityjit'
Mono config path = 'C:/Program Files/Unity/Hub/Editor/2020.3.25f1/Editor/Data/MonoBleedingEdge/etc'
Using monoOptions --debugger-agent=transport=dt_socket,embedding=1,server=y,suspend=n,address=127.0.0.1:56660
Begin MonoManager ReloadAssembly
Registering precompiled unity dll's ...
Register platform support module: C:/Program Files/Unity/Hub/Editor/2020.3.25f1/Editor/Data/PlaybackEngines/WebGLSupport/UnityEditor.WebGL.Extensions.dll
Register platform support module: C:/Program Files/Unity/Hub/Editor/2020.3.25f1/Editor/Data/PlaybackEngines/WindowsStandaloneSupport/UnityEditor.WindowsStandalone.Extensions.dll
Registered in 0.002461 seconds.
Native extension for WindowsStandalone target not found
Native extension for WebGL target not found
Refreshing native plugins compatible for Editor in 40.86 ms, found 2 plugins.
Preloading 0 native plugins for Editor in 0.00 ms.
Mono: successfully reloaded assembly
- Completed reload, in  0.609 seconds
Domain Reload Profiling:
	ReloadAssembly (609ms)
		BeginReloadAssembly (55ms)
			ExecutionOrderSort (0ms)
			DisableScriptedObjects (0ms)
			BackupInstance (0ms)
			ReleaseScriptingObjects (0ms)
			CreateAndSetChildDomain (1ms)
		EndReloadAssembly (477ms)
			LoadAssemblies (53ms)
			RebuildTransferFunctionScriptingTraits (0ms)
			SetupTypeCache (167ms)
			ReleaseScriptCaches (0ms)
			RebuildScriptCaches (33ms)
			SetupLoadedEditorAssemblies (172ms)
				LogAssemblyErrors (0ms)
				InitializePlatformSupportModulesInManaged (5ms)
				SetLoadedEditorAssemblies (0ms)
				RefreshPlugins (41ms)
				BeforeProcessingInitializeOnLoad (17ms)
				ProcessInitializeOnLoadAttributes (80ms)
				ProcessInitializeOnLoadMethodAttributes (29ms)
				AfterProcessingInitializeOnLoad (0ms)
				EditorAssembliesLoaded (0ms)
			ExecutionOrderSort2 (0ms)
			AwakeInstancesAfterBackupRestoration (0ms)
Platform modules already initialized, skipping
Registering precompiled user dll's ...
Registered in 0.005635 seconds.
Begin MonoManager ReloadAssembly
Native extension for WindowsStandalone target not found
Native extension for WebGL target not found
Refreshing native plugins compatible for Editor in 0.56 ms, found 2 plugins.
Preloading 0 native plugins for Editor in 0.00 ms.
Mono: successfully reloaded assembly
- Completed reload, in  1.010 seconds
Domain Reload Profiling:
	ReloadAssembly (1011ms)
		BeginReloadAssembly (139ms)
			ExecutionOrderSort (0ms)
			DisableScriptedObjects (4ms)
			BackupInstance (0ms)
			ReleaseScriptingObjects (0ms)
			CreateAndSetChildDomain (19ms)
		EndReloadAssembly (811ms)
			LoadAssemblies (84ms)
			RebuildTransferFunctionScriptingTraits (0ms)
			SetupTypeCache (283ms)
			ReleaseScriptCaches (0ms)
			RebuildScriptCaches (41ms)
			SetupLoadedEditorAssemblies (304ms)
				LogAssemblyErrors (0ms)
				InitializePlatformSupportModulesInManaged (6ms)
				SetLoadedEditorAssemblies (0ms)
				RefreshPlugins (1ms)
				BeforeProcessingInitializeOnLoad (80ms)
				ProcessInitializeOnLoadAttributes (202ms)
				ProcessInitializeOnLoadMethodAttributes (9ms)
				AfterProcessingInitializeOnLoad (6ms)
				EditorAssembliesLoaded (0ms)
			ExecutionOrderSort2 (0ms)
			AwakeInstancesAfterBackupRestoration (7ms)
Platform modules already initialized, skipping
========================================================================
Worker process is ready to serve import requests
Launched and connected shader compiler UnityShaderCompiler.exe after 0.05 seconds
Refreshing native plugins compatible for Editor in 0.47 ms, found 2 plugins.
Preloading 0 native plugins for Editor in 0.00 ms.
Unloading 1547 Unused Serialized files (Serialized files now loaded: 0)
System memory in use before: 86.8 MB.
System memory in use after: 86.9 MB.

Unloading 19 unused Assets to reduce memory usage. Loaded Objects now: 2001.
Total: 2.942900 ms (FindLiveObjects: 0.152100 ms CreateObjectMapping: 0.045600 ms MarkObjects: 2.591800 ms  DeleteObjects: 0.152700 ms)

AssetImportParameters requested are different than current active one (requested -> active):
  custom:framework-win-MediaFoundation: 216162199b28c13a410421893ffa2e32 -> 
  custom:video-decoder-ogg-theora: a1e56fd34408186e4bbccfd4996cb3dc -> 
  custom:container-muxer-webm: aa71ff27fc2769a1b78a27578f13a17b -> 
  custom:container-demuxer-webm: 4f35f7cbe854078d1ac9338744f61a02 -> 
  custom:container-demuxer-ogg: 62fdf1f143b41e24485cea50d1cbac27 -> 
  custom:video-encoder-webm-vp8: eb34c28f22e8b96e1ab97ce403110664 -> 
  custom:video-decoder-webm-vp8: 9c59270c3fd7afecdb556c50c9e8de78 -> 
  custom:audio-decoder-ogg-vorbis: bf7c407c2cedff20999df2af8eb42d56 -> 
  custom:audio-encoder-webm-vorbis: bf7c407c2cedff20999df2af8eb42d56 -> 
========================================================================
Received Import Request.
  path: Assets/Level 1 Monster Pack/Materials/Bat
  artifactKey: Guid(49aa7d1faef741246a152bf4211b3b63) Importer(815301076,1909f56bfc062723c751e8b465ee728b)
Start importing Assets/Level 1 Monster Pack/Materials/Bat using Guid(49aa7d1faef741246a152bf4211b3b63) Importer(815301076,1909f56bfc062723c751e8b465ee728b)  -> (artifact id: '8b2f5d743134462659a71d84e3450a05') in 0.005272 seconds 
  Import took 0.008169 seconds .

========================================================================
Received Import Request.
  Time since last request: 6.837935 seconds.
  path: Assets/Level 1 Monster Pack/Materials/Slime/Slime_Blue.mat
  artifactKey: Guid(762b5f628249faa428838024699b2e85) Importer(815301076,1909f56bfc062723c751e8b465ee728b)
Start importing Assets/Level 1 Monster Pack/Materials/Slime/Slime_Blue.mat using Guid(762b5f628249faa428838024699b2e85) Importer(815301076,1909f56bfc062723c751e8b465ee728b)  -> (artifact id: '05b1d50e067cb6da241b4679e65c5dbe') in 0.136008 seconds 
  Import took 0.139027 seconds .

========================================================================
Received Import Request.
  Time since last request: 105.093297 seconds.
  path: Assets/Level 1 Monster Pack/Models/Slime_Level_1.fbx
  artifactKey: Guid(e607f74860c67814e93c914b710142d5) Importer(815301076,1909f56bfc062723c751e8b465ee728b)
Start importing Assets/Level 1 Monster Pack/Models/Slime_Level_1.fbx using Guid(e607f74860c67814e93c914b710142d5) Importer(815301076,1909f56bfc062723c751e8b465ee728b)  -> (artifact id: '6c5086c97f88ece1efac4266d6ed7eca') in 0.079419 seconds 
  Import took 0.083339 seconds .

========================================================================
Received Import Request.
  Time since last request: 21.688113 seconds.
  path: Assets/Level 1 Monster Pack/Models/Bat_Level_1.fbx
  artifactKey: Guid(59afa1f2c595d6343b15e945602e1f8f) Importer(815301076,1909f56bfc062723c751e8b465ee728b)
Start importing Assets/Level 1 Monster Pack/Models/Bat_Level_1.fbx using Guid(59afa1f2c595d6343b15e945602e1f8f) Importer(815301076,1909f56bfc062723c751e8b465ee728b)  -> (artifact id: 'db43d11675a8fc162708ecc88b48df72') in 0.037466 seconds 
  Import took 0.041445 seconds .

========================================================================
Received Import Request.
  Time since last request: 4.700521 seconds.
  path: Assets/Level 1 Monster Pack/Models/Bat_Level_1.fbx
  artifactKey: Guid(59afa1f2c595d6343b15e945602e1f8f) Importer(815301076,1909f56bfc062723c751e8b465ee728b)
Start importing Assets/Level 1 Monster Pack/Models/Bat_Level_1.fbx using Guid(59afa1f2c595d6343b15e945602e1f8f) Importer(815301076,1909f56bfc062723c751e8b465ee728b)  -> (artifact id: 'da213ea859f0a414d2ca3a6a4204e822') in 0.026913 seconds 
  Import took 0.030781 seconds .

========================================================================
Received Import Request.
  Time since last request: 3.810552 seconds.
  path: Assets/Level 1 Monster Pack/Models/Bat_Level_1.fbx
  artifactKey: Guid(59afa1f2c595d6343b15e945602e1f8f) Importer(815301076,1909f56bfc062723c751e8b465ee728b)
Start importing Assets/Level 1 Monster Pack/Models/Bat_Level_1.fbx using Guid(59afa1f2c595d6343b15e945602e1f8f) Importer(815301076,1909f56bfc062723c751e8b465ee728b)  -> (artifact id: '125b1d9d536b13bbe57b3d6c6aa782ce') in 0.038275 seconds 
  Import took 0.042878 seconds .

========================================================================
Received Import Request.
  Time since last request: 23.098342 seconds.
  path: Assets/Level 1 Monster Pack/Materials/Bat/Bat_Color.mat
  artifactKey: Guid(dc2847452cc2cc74bbd193a78f86030f) Importer(815301076,1909f56bfc062723c751e8b465ee728b)
Start importing Assets/Level 1 Monster Pack/Materials/Bat/Bat_Color.mat using Guid(dc2847452cc2cc74bbd193a78f86030f) Importer(815301076,1909f56bfc062723c751e8b465ee728b)  -> (artifact id: '19431543000b891a2c21dddc5abba9b6') in 0.015358 seconds 
  Import took 0.018705 seconds .

========================================================================
Received Import Request.
  Time since last request: 0.000296 seconds.
  path: Assets/Level 1 Monster Pack/Materials/Bat/Bat_Violet.mat
  artifactKey: Guid(c8c42803e7784e5488547363323ed62c) Importer(815301076,1909f56bfc062723c751e8b465ee728b)
Start importing Assets/Level 1 Monster Pack/Materials/Bat/Bat_Violet.mat using Guid(c8c42803e7784e5488547363323ed62c) Importer(815301076,1909f56bfc062723c751e8b465ee728b)  -> (artifact id: 'de95bf88d79e37f1c57186e9a72e6361') in 0.018264 seconds 
  Import took 0.021561 seconds .

========================================================================
Received Import Request.
  Time since last request: 0.000225 seconds.
  path: Assets/Level 1 Monster Pack/Materials/Bat/Bat_Yellow.mat
  artifactKey: Guid(1b23dc953f3a9474490b7b8cfcdf896f) Importer(815301076,1909f56bfc062723c751e8b465ee728b)
Start importing Assets/Level 1 Monster Pack/Materials/Bat/Bat_Yellow.mat using Guid(1b23dc953f3a9474490b7b8cfcdf896f) Importer(815301076,1909f56bfc062723c751e8b465ee728b)  -> (artifact id: '360a76112824fb7621f83e04d843525d') in 0.040471 seconds 
  Import took 0.044637 seconds .

========================================================================
Received Import Request.
  Time since last request: 0.000372 seconds.
  path: Assets/Level 1 Monster Pack/Materials/Bat/Bat_Red.mat
  artifactKey: Guid(6a9d5602ab51ed243b686397b63daeb8) Importer(815301076,1909f56bfc062723c751e8b465ee728b)
Start importing Assets/Level 1 Monster Pack/Materials/Bat/Bat_Red.mat using Guid(6a9d5602ab51ed243b686397b63daeb8) Importer(815301076,1909f56bfc062723c751e8b465ee728b)  -> (artifact id: 'b3d8316c40441b48beb1f936672de9f7') in 0.023260 seconds 
  Import took 0.027650 seconds .

========================================================================
Received Import Request.
  Time since last request: 0.000258 seconds.
  path: Assets/Level 1 Monster Pack/Materials/Bat/Bat_Green.mat
  artifactKey: Guid(1945ca08888585540b2dbfd8b76f2b32) Importer(815301076,1909f56bfc062723c751e8b465ee728b)
Start importing Assets/Level 1 Monster Pack/Materials/Bat/Bat_Green.mat using Guid(1945ca08888585540b2dbfd8b76f2b32) Importer(815301076,1909f56bfc062723c751e8b465ee728b)  -> (artifact id: 'a659cab3c91fb00e6335a79fbfa99cc2') in 0.034467 seconds 
  Import took 0.038456 seconds .

========================================================================
Received Import Request.
  Time since last request: 15.914118 seconds.
  path: Assets/Level 1 Monster Pack/Images/Bat/Bat_Color.jpg
  artifactKey: Guid(b2745c2e243d8d14d91d89302d1d301a) Importer(815301076,1909f56bfc062723c751e8b465ee728b)
Start importing Assets/Level 1 Monster Pack/Images/Bat/Bat_Color.jpg using Guid(b2745c2e243d8d14d91d89302d1d301a) Importer(815301076,1909f56bfc062723c751e8b465ee728b)  -> (artifact id: '6148f67118bf5ce615f9a46af92d8a71') in 0.024694 seconds 
  Import took 0.029130 seconds .

========================================================================
Received Import Request.
  Time since last request: 56.910625 seconds.
  path: Assets/Level 1 Monster Pack/Models/Bat_Level_1.fbx
  artifactKey: Guid(59afa1f2c595d6343b15e945602e1f8f) Importer(815301076,1909f56bfc062723c751e8b465ee728b)
Start importing Assets/Level 1 Monster Pack/Models/Bat_Level_1.fbx using Guid(59afa1f2c595d6343b15e945602e1f8f) Importer(815301076,1909f56bfc062723c751e8b465ee728b)  -> (artifact id: '5a4f18e4c65251ad84032671dc35a1bf') in 0.029130 seconds 
  Import took 0.032925 seconds .

========================================================================
Received Import Request.
  Time since last request: 38.484920 seconds.
  path: Assets/Level 1 Monster Pack/Models/Bat_Level_1.fbx
  artifactKey: Guid(59afa1f2c595d6343b15e945602e1f8f) Importer(815301076,1909f56bfc062723c751e8b465ee728b)
Start importing Assets/Level 1 Monster Pack/Models/Bat_Level_1.fbx using Guid(59afa1f2c595d6343b15e945602e1f8f) Importer(815301076,1909f56bfc062723c751e8b465ee728b)  -> (artifact id: 'd539366efcd7dd79d54b7e0c37766a1d') in 0.027060 seconds 
  Import took 0.031434 seconds .

========================================================================
Received Prepare
Registering precompiled user dll's ...
Registered in 0.004981 seconds.
Begin MonoManager ReloadAssembly
Native extension for WindowsStandalone target not found
Native extension for WebGL target not found
Refreshing native plugins compatible for Editor in 0.44 ms, found 2 plugins.
Preloading 0 native plugins for Editor in 0.00 ms.
Mono: successfully reloaded assembly
- Completed reload, in  0.978 seconds
Domain Reload Profiling:
	ReloadAssembly (978ms)
		BeginReloadAssembly (115ms)
			ExecutionOrderSort (0ms)
			DisableScriptedObjects (4ms)
			BackupInstance (0ms)
			ReleaseScriptingObjects (0ms)
			CreateAndSetChildDomain (33ms)
		EndReloadAssembly (799ms)
			LoadAssemblies (101ms)
			RebuildTransferFunctionScriptingTraits (0ms)
			SetupTypeCache (306ms)
			ReleaseScriptCaches (1ms)
			RebuildScriptCaches (35ms)
			SetupLoadedEditorAssemblies (272ms)
				LogAssemblyErrors (0ms)
				InitializePlatformSupportModulesInManaged (5ms)
				SetLoadedEditorAssemblies (0ms)
				RefreshPlugins (0ms)
				BeforeProcessingInitializeOnLoad (71ms)
				ProcessInitializeOnLoadAttributes (180ms)
				ProcessInitializeOnLoadMethodAttributes (9ms)
				AfterProcessingInitializeOnLoad (6ms)
				EditorAssembliesLoaded (0ms)
			ExecutionOrderSort2 (0ms)
			AwakeInstancesAfterBackupRestoration (6ms)
Platform modules already initialized, skipping
Refreshing native plugins compatible for Editor in 0.47 ms, found 2 plugins.
Preloading 0 native plugins for Editor in 0.00 ms.
Unloading 1536 Unused Serialized files (Serialized files now loaded: 0)
System memory in use before: 103.2 MB.
System memory in use after: 103.3 MB.

Unloading 14 unused Assets to reduce memory usage. Loaded Objects now: 2048.
Total: 2.762900 ms (FindLiveObjects: 0.146700 ms CreateObjectMapping: 0.044500 ms MarkObjects: 2.557100 ms  DeleteObjects: 0.013800 ms)

AssetImportParameters requested are different than current active one (requested -> active):
  custom:framework-win-MediaFoundation: 216162199b28c13a410421893ffa2e32 -> 
  custom:video-decoder-ogg-theora: a1e56fd34408186e4bbccfd4996cb3dc -> 
  custom:container-muxer-webm: aa71ff27fc2769a1b78a27578f13a17b -> 
  custom:container-demuxer-webm: 4f35f7cbe854078d1ac9338744f61a02 -> 
  custom:container-demuxer-ogg: 62fdf1f143b41e24485cea50d1cbac27 -> 
  custom:video-encoder-webm-vp8: eb34c28f22e8b96e1ab97ce403110664 -> 
  custom:video-decoder-webm-vp8: 9c59270c3fd7afecdb556c50c9e8de78 -> 
  custom:audio-decoder-ogg-vorbis: bf7c407c2cedff20999df2af8eb42d56 -> 
  custom:audio-encoder-webm-vorbis: bf7c407c2cedff20999df2af8eb42d56 -> 
AssetImportWorkerClient::OnTransportError - code=2 error=End of file
